<?xml version="1.0" encoding="UTF-8"?>
<testsuite name="ru.stqa.rep.addressbook.tests.GroupModificationTests" tests="1" skipped="0" failures="0" errors="0" timestamp="2017-10-05T20:19:00" hostname="ZHENYA" time="10.131">
  <properties/>
  <testcase name="GroupModification" classname="ru.stqa.rep.addressbook.tests.GroupModificationTests" time="10.131"/>
  <system-out><![CDATA[]]></system-out>
  <system-err><![CDATA[]]></system-err>
</testsuite>
