<?xml version="1.0" encoding="UTF-8"?>
<testsuite name="ru.stqa.rep.addressbook.tests.GroupModificationTests" tests="1" skipped="0" failures="0" errors="0" timestamp="2017-10-05T00:37:55" hostname="ZHENYA" time="11.963">
  <properties/>
  <testcase name="GroupModification" classname="ru.stqa.rep.addressbook.tests.GroupModificationTests" time="11.963"/>
  <system-out><![CDATA[]]></system-out>
  <system-err><![CDATA[]]></system-err>
</testsuite>
