<?xml version="1.0" encoding="UTF-8"?>
<testsuite name="ru.stqa.rep.addressbook.tests.GroupDeletionTests" tests="1" skipped="0" failures="0" errors="0" timestamp="2017-10-05T20:19:12" hostname="ZHENYA" time="6.033">
  <properties/>
  <testcase name="testGroupDeletion" classname="ru.stqa.rep.addressbook.tests.GroupDeletionTests" time="6.033"/>
  <system-out><![CDATA[]]></system-out>
  <system-err><![CDATA[]]></system-err>
</testsuite>
