<?xml version="1.0" encoding="UTF-8"?>
<testsuite name="ru.stqa.rep.addressbook.tests.GroupModificationTests" tests="1" skipped="0" failures="0" errors="0" timestamp="2017-10-05T10:28:53" hostname="GP-WRST21" time="2.187">
  <properties/>
  <testcase name="GroupModification" classname="ru.stqa.rep.addressbook.tests.GroupModificationTests" time="2.187"/>
  <system-out><![CDATA[]]></system-out>
  <system-err><![CDATA[1507199333877	Marionette	DEBUG	Canceled page load listener because no navigation has been detected
1507199333901	Marionette	DEBUG	Received DOM event "beforeunload" for "http://localhost/addressbook/group.php"
1507199333923	Marionette	DEBUG	Received DOM event "pagehide" for "http://localhost/addressbook/group.php"
1507199333924	Marionette	DEBUG	Received DOM event "unload" for "http://localhost/addressbook/group.php"
1507199333943	Marionette	DEBUG	Received DOM event "DOMContentLoaded" for "http://localhost/addressbook/group.php"
1507199333961	Marionette	DEBUG	Received DOM event "pageshow" for "http://localhost/addressbook/group.php"
1507199334207	Marionette	DEBUG	Canceled page load listener because no navigation has been detected
1507199334497	Marionette	DEBUG	Canceled page load listener because no navigation has been detected
1507199334775	Marionette	DEBUG	Canceled page load listener because no navigation has been detected
1507199334855	Marionette	DEBUG	Received DOM event "beforeunload" for "http://localhost/addressbook/group.php"
1507199335002	Marionette	DEBUG	Received DOM event "pagehide" for "http://localhost/addressbook/group.php"
1507199335004	Marionette	DEBUG	Received DOM event "unload" for "http://localhost/addressbook/group.php"
1507199335014	Marionette	DEBUG	Received DOM event "DOMContentLoaded" for "http://localhost/addressbook/group.php"
1507199335031	Marionette	DEBUG	Received DOM event "pageshow" for "http://localhost/addressbook/group.php"
1507199335072	Marionette	DEBUG	Received DOM event "beforeunload" for "http://localhost/addressbook/group.php"
1507199335098	Marionette	DEBUG	Received DOM event "pagehide" for "http://localhost/addressbook/group.php"
1507199335099	Marionette	DEBUG	Received DOM event "unload" for "http://localhost/addressbook/group.php"
1507199335107	Marionette	DEBUG	Received DOM event "DOMContentLoaded" for "http://localhost/addressbook/group.php"
1507199335123	Marionette	DEBUG	Received DOM event "pageshow" for "http://localhost/addressbook/group.php"
]]></system-err>
</testsuite>
