<?xml version="1.0" encoding="UTF-8"?>
<testsuite name="ru.stqa.rep.addressbook.tests.GroupCreationTests" tests="3" skipped="0" failures="0" errors="0" timestamp="2017-10-05T20:18:13" hostname="ZHENYA" time="46.283">
  <properties/>
  <testcase name="testGroupCreation[0](GroupData{name='Р”СЂСѓР·СЊСЏ 0', id='2147483647', footer='Р”РѕРјР°С€РЅСЏСЏ РіСЂСѓРїРїР°, 0 '})" classname="ru.stqa.rep.addressbook.tests.GroupCreationTests" time="21.336"/>
  <testcase name="testGroupCreation[1](GroupData{name='Р”СЂСѓР·СЊСЏ 1', id='2147483647', footer='Р”РѕРјР°С€РЅСЏСЏ РіСЂСѓРїРїР°, 1 '})" classname="ru.stqa.rep.addressbook.tests.GroupCreationTests" time="12.798"/>
  <testcase name="testGroupCreation[2](GroupData{name='Р”СЂСѓР·СЊСЏ 2', id='2147483647', footer='Р”РѕРјР°С€РЅСЏСЏ РіСЂСѓРїРїР°, 2 '})" classname="ru.stqa.rep.addressbook.tests.GroupCreationTests" time="12.147"/>
  <system-out><![CDATA[Р‘С‹Р»Рѕ: 18 РЎС‚Р°Р»Рѕ: 19
Р‘С‹Р»Рѕ: 19 РЎС‚Р°Р»Рѕ: 20
Р‘С‹Р»Рѕ: 20 РЎС‚Р°Р»Рѕ: 21
]]></system-out>
  <system-err><![CDATA[]]></system-err>
</testsuite>
