<?xml version="1.0" encoding="UTF-8"?>
<testsuite name="ru.stqa.rep.addressbook.tests.ContactDeletionTests" tests="1" skipped="0" failures="0" errors="0" timestamp="2017-10-05T19:04:08" hostname="ZHENYA" time="6.79">
  <properties/>
  <testcase name="ContactDeletion" classname="ru.stqa.rep.addressbook.tests.ContactDeletionTests" time="6.79"/>
  <system-out><![CDATA[]]></system-out>
  <system-err><![CDATA[]]></system-err>
</testsuite>
